<?xml version="1.0" encoding="UTF-8"?>
<testng-results ignored="0" total="1" passed="1" failed="0" skipped="0">
  <reporter-output>
  </reporter-output>
  <suite started-at="2022-09-29T21:41:26 IST" name="Default suite" finished-at="2022-09-29T21:41:29 IST" duration-ms="3179">
    <groups>
    </groups>
    <test started-at="2022-09-29T21:41:26 IST" name="Default test" finished-at="2022-09-29T21:41:29 IST" duration-ms="3179">
      <class name="simplilearn.com.testng.FacebookLogin">
        <test-method is-config="true" signature="beforeMethod()[pri:0, instance:simplilearn.com.testng.FacebookLogin@294425a7]" started-at="2022-09-29T21:41:26 IST" name="beforeMethod" finished-at="2022-09-29T21:41:27 IST" duration-ms="1642" status="PASS">
          <reporter-output>
          </reporter-output>
        </test-method> <!-- beforeMethod -->
        <test-method signature="facebook()[pri:0, instance:simplilearn.com.testng.FacebookLogin@294425a7]" started-at="2022-09-29T21:41:27 IST" name="facebook" finished-at="2022-09-29T21:41:29 IST" duration-ms="1508" status="PASS">
          <reporter-output>
          </reporter-output>
        </test-method> <!-- facebook -->
        <test-method is-config="true" signature="afterMethod()[pri:0, instance:simplilearn.com.testng.FacebookLogin@294425a7]" started-at="2022-09-29T21:41:29 IST" name="afterMethod" finished-at="2022-09-29T21:41:29 IST" duration-ms="0" status="PASS">
          <reporter-output>
          </reporter-output>
        </test-method> <!-- afterMethod -->
      </class> <!-- simplilearn.com.testng.FacebookLogin -->
    </test> <!-- Default test -->
  </suite> <!-- Default suite -->
</testng-results>
