<?xml version="1.0" encoding="UTF-8"?>
<testng-results ignored="0" total="1" passed="1" failed="0" skipped="0">
  <reporter-output>
  </reporter-output>
  <suite started-at="2022-10-10T21:56:08 IST" name="Default suite" finished-at="2022-10-10T21:56:26 IST" duration-ms="17792">
    <groups>
    </groups>
    <test started-at="2022-10-10T21:56:08 IST" name="Default test" finished-at="2022-10-10T21:56:26 IST" duration-ms="17792">
      <class name="simplilearn.com.testng.Flipkart">
        <test-method is-config="true" signature="beforeMethod()[pri:0, instance:simplilearn.com.testng.Flipkart@dd05255]" started-at="2022-10-10T21:56:09 IST" name="beforeMethod" finished-at="2022-10-10T21:56:10 IST" duration-ms="1627" status="PASS">
          <reporter-output>
          </reporter-output>
        </test-method> <!-- beforeMethod -->
        <test-method signature="flipkart()[pri:0, instance:simplilearn.com.testng.Flipkart@dd05255]" started-at="2022-10-10T21:56:10 IST" name="flipkart" finished-at="2022-10-10T21:56:26 IST" duration-ms="16131" status="PASS">
          <reporter-output>
          </reporter-output>
        </test-method> <!-- flipkart -->
        <test-method is-config="true" signature="afterMethod()[pri:0, instance:simplilearn.com.testng.Flipkart@dd05255]" started-at="2022-10-10T21:56:26 IST" name="afterMethod" finished-at="2022-10-10T21:56:26 IST" duration-ms="1" status="PASS">
          <reporter-output>
          </reporter-output>
        </test-method> <!-- afterMethod -->
      </class> <!-- simplilearn.com.testng.Flipkart -->
    </test> <!-- Default test -->
  </suite> <!-- Default suite -->
</testng-results>
